生成启动时间为 2018/10/14 13:51:22。
     1>项目“D:\软件工程\Microsoft Visual C++ 2010 Express - CHS\goodluck\goodluck.vcxproj”在节点 2 上(build 个目标)。
     1>InitializeBuildStatus:
         正在创建“Release\goodluck.unsuccessfulbuild”，因为已指定“AlwaysCreate”。
       ClCompile:
         D:\软件工程\VC\bin\CL.exe /c /Zi /nologo /W3 /WX- /O2 /Oi /Oy- /GL /D WIN32 /D NDEBUG /D _CONSOLE /D _UNICODE /D UNICODE /Gm- /EHsc /MD /GS /Gy /fp:precise /Zc:wchar_t /Zc:forScope /Fo"Release\\" /Fd"Release\vc100.pdb" /Gd /TP /analyze- /errorReport:prompt main.cpp
         main.cpp
       Link:
         D:\软件工程\VC\bin\link.exe /ERRORREPORT:PROMPT /OUT:"D:\软件工程\Microsoft Visual C++ 2010 Express - CHS\goodluck\Release\goodluck.exe" /INCREMENTAL:NO /NOLOGO kernel32.lib user32.lib gdi32.lib winspool.lib comdlg32.lib advapi32.lib shell32.lib ole32.lib oleaut32.lib uuid.lib odbc32.lib odbccp32.lib /MANIFEST /ManifestFile:"Release\goodluck.exe.intermediate.manifest" /MANIFESTUAC:"level='asInvoker' uiAccess='false'" /DEBUG /PDB:"D:\软件工程\Microsoft Visual C++ 2010 Express - CHS\goodluck\Release\goodluck.pdb" /SUBSYSTEM:CONSOLE /OPT:REF /OPT:ICF /LTCG /TLBID:1 /DYNAMICBASE /NXCOMPAT /IMPLIB:"D:\软件工程\Microsoft Visual C++ 2010 Express - CHS\goodluck\Release\goodluck.lib" /MACHINE:X86 Release\main.obj
            正在创建库 D:\软件工程\Microsoft Visual C++ 2010 Express - CHS\goodluck\Release\goodluck.lib 和对象 D:\软件工程\Microsoft Visual C++ 2010 Express - CHS\goodluck\Release\goodluck.exp
         正在生成代码
         已完成代码的生成
         goodluck.vcxproj -> D:\软件工程\Microsoft Visual C++ 2010 Express - CHS\goodluck\Release\goodluck.exe
       Manifest:
         C:\Program Files (x86)\Microsoft SDKs\Windows\v7.0A\bin\mt.exe /nologo /verbose /outputresource:"D:\软件工程\Microsoft Visual C++ 2010 Express - CHS\goodluck\Release\goodluck.exe;#1" /manifest Release\goodluck.exe.intermediate.manifest
       FinalizeBuildStatus:
         正在删除文件“Release\goodluck.unsuccessfulbuild”。
         正在对“Release\goodluck.lastbuildstate”执行 Touch 任务。
     1>已完成生成项目“D:\软件工程\Microsoft Visual C++ 2010 Express - CHS\goodluck\goodluck.vcxproj”(build 个目标)的操作。

生成成功。

已用时间 00:00:05.28
