生成启动时间为 2018/11/26 18:45:48。
     1>项目“c:\Users\HP\documents\visual studio 2010\Projects\lesson4\lesson4.vcxproj”在节点 2 上(build 个目标)。
     1>InitializeBuildStatus:
         正在对“Release\lesson4.unsuccessfulbuild”执行 Touch 任务。
       ClCompile:
         D:\软件工程\VC\bin\CL.exe /c /Zi /nologo /W3 /WX- /O2 /Oi /Oy- /GL /D _MBCS /Gm- /EHsc /MD /GS /Gy /fp:precise /Zc:wchar_t /Zc:forScope /Fo"Release\\" /Fd"Release\vc100.pdb" /Gd /TP /analyze- /errorReport:prompt main.cpp
         main.cpp
     1>main.cpp(249): warning C4244: “=”: 从“double”转换到“float”，可能丢失数据
       Link:
         D:\软件工程\VC\bin\link.exe /ERRORREPORT:PROMPT /OUT:"c:\users\hp\documents\visual studio 2010\Projects\lesson4\Release\lesson4.exe" /NOLOGO kernel32.lib user32.lib gdi32.lib winspool.lib comdlg32.lib advapi32.lib shell32.lib ole32.lib oleaut32.lib uuid.lib odbc32.lib odbccp32.lib /MANIFEST /ManifestFile:"Release\lesson4.exe.intermediate.manifest" /MANIFESTUAC:"level='asInvoker' uiAccess='false'" /DEBUG /PDB:"c:\users\hp\documents\visual studio 2010\Projects\lesson4\Release\lesson4.pdb" /OPT:REF /OPT:ICF /LTCG /TLBID:1 /DYNAMICBASE /NXCOMPAT /IMPLIB:"c:\users\hp\documents\visual studio 2010\Projects\lesson4\Release\lesson4.lib" /MACHINE:X86 Release\main.obj
            正在创建库 c:\users\hp\documents\visual studio 2010\Projects\lesson4\Release\lesson4.lib 和对象 c:\users\hp\documents\visual studio 2010\Projects\lesson4\Release\lesson4.exp
         正在生成代码
         已完成代码的生成
         lesson4.vcxproj -> c:\users\hp\documents\visual studio 2010\Projects\lesson4\Release\lesson4.exe
       Manifest:
         c:\Program Files (x86)\Microsoft SDKs\Windows\v7.0A\bin\mt.exe /nologo /verbose /outputresource:"c:\users\hp\documents\visual studio 2010\Projects\lesson4\Release\lesson4.exe;#1" /manifest Release\lesson4.exe.intermediate.manifest
       FinalizeBuildStatus:
         正在删除文件“Release\lesson4.unsuccessfulbuild”。
         正在对“Release\lesson4.lastbuildstate”执行 Touch 任务。
     1>已完成生成项目“c:\Users\HP\documents\visual studio 2010\Projects\lesson4\lesson4.vcxproj”(build 个目标)的操作。

生成成功。

已用时间 00:00:03.93
